2019-05-15 11:02:17.804  INFO 46047 --- [main] group.agv01.Agv01Application             : Starting Agv01Application on shuangjiadeMacBook-Pro.local with PID 46047 (/Users/shuangjiaxu/git/repository/agv01/target/classes started by shuangjiaxu in /Users/shuangjiaxu/git/repository/agv01)
2019-05-15 11:02:17.820  INFO 46047 --- [main] group.agv01.Agv01Application             : No active profile set, falling back to default profiles: default
2019-05-15 11:02:19.063  INFO 46047 --- [main] o.s.b.w.embedded.tomcat.TomcatWebServer  : Tomcat initialized with port(s): 8080 (http)
2019-05-15 11:02:19.100  INFO 46047 --- [main] o.apache.catalina.core.StandardService   : Starting service [Tomcat]
2019-05-15 11:02:19.101  INFO 46047 --- [main] org.apache.catalina.core.StandardEngine  : Starting Servlet engine: [Apache Tomcat/9.0.16]
2019-05-15 11:02:19.111  INFO 46047 --- [main] o.a.catalina.core.AprLifecycleListener   : The APR based Apache Tomcat Native library which allows optimal performance in production environments was not found on the java.library.path: [/Users/shuangjiaxu/Library/Java/Extensions:/Library/Java/Extensions:/Network/Library/Java/Extensions:/System/Library/Java/Extensions:/usr/lib/java:.]
2019-05-15 11:02:19.193  INFO 46047 --- [main] o.a.c.c.C.[Tomcat].[localhost].[/]       : Initializing Spring embedded WebApplicationContext
2019-05-15 11:02:19.194  INFO 46047 --- [main] o.s.web.context.ContextLoader            : Root WebApplicationContext: initialization completed in 1335 ms
2019-05-15 11:02:20.010  INFO 46047 --- [main] o.s.s.concurrent.ThreadPoolTaskExecutor  : Initializing ExecutorService 'applicationTaskExecutor'
2019-05-15 11:02:20.396  INFO 46047 --- [main] o.s.b.w.embedded.tomcat.TomcatWebServer  : Tomcat started on port(s): 8080 (http) with context path ''
2019-05-15 11:02:20.399  INFO 46047 --- [main] group.agv01.Agv01Application             : Started Agv01Application in 2.922 seconds (JVM running for 3.273)
2019-05-15 11:02:32.169  INFO 46047 --- [http-nio-8080-exec-1] o.a.c.c.C.[Tomcat].[localhost].[/]       : Initializing Spring DispatcherServlet 'dispatcherServlet'
2019-05-15 11:02:32.169  INFO 46047 --- [http-nio-8080-exec-1] o.s.web.servlet.DispatcherServlet        : Initializing Servlet 'dispatcherServlet'
2019-05-15 11:02:32.178  INFO 46047 --- [http-nio-8080-exec-1] o.s.web.servlet.DispatcherServlet        : Completed initialization in 9 ms
2019-05-15 11:05:27.556  INFO 46047 --- [Thread-3] o.s.s.concurrent.ThreadPoolTaskExecutor  : Shutting down ExecutorService 'applicationTaskExecutor'
2019-05-15 11:05:36.538  INFO 46194 --- [main] group.agv01.Agv01Application             : Starting Agv01Application on shuangjiadeMacBook-Pro.local with PID 46194 (/Users/shuangjiaxu/git/repository/agv01/target/classes started by shuangjiaxu in /Users/shuangjiaxu/git/repository/agv01)
2019-05-15 11:05:36.541  INFO 46194 --- [main] group.agv01.Agv01Application             : No active profile set, falling back to default profiles: default
2019-05-15 11:05:37.919  INFO 46194 --- [main] o.s.b.w.embedded.tomcat.TomcatWebServer  : Tomcat initialized with port(s): 8080 (http)
2019-05-15 11:05:37.942  INFO 46194 --- [main] o.apache.catalina.core.StandardService   : Starting service [Tomcat]
2019-05-15 11:05:37.942  INFO 46194 --- [main] org.apache.catalina.core.StandardEngine  : Starting Servlet engine: [Apache Tomcat/9.0.16]
2019-05-15 11:05:37.950  INFO 46194 --- [main] o.a.catalina.core.AprLifecycleListener   : The APR based Apache Tomcat Native library which allows optimal performance in production environments was not found on the java.library.path: [/Users/shuangjiaxu/Library/Java/Extensions:/Library/Java/Extensions:/Network/Library/Java/Extensions:/System/Library/Java/Extensions:/usr/lib/java:.]
2019-05-15 11:05:38.024  INFO 46194 --- [main] o.a.c.c.C.[Tomcat].[localhost].[/]       : Initializing Spring embedded WebApplicationContext
2019-05-15 11:05:38.024  INFO 46194 --- [main] o.s.web.context.ContextLoader            : Root WebApplicationContext: initialization completed in 1445 ms
2019-05-15 11:05:38.736  INFO 46194 --- [main] o.s.s.concurrent.ThreadPoolTaskExecutor  : Initializing ExecutorService 'applicationTaskExecutor'
2019-05-15 11:05:39.096  INFO 46194 --- [main] o.s.b.w.embedded.tomcat.TomcatWebServer  : Tomcat started on port(s): 8080 (http) with context path ''
2019-05-15 11:05:39.099  INFO 46194 --- [main] group.agv01.Agv01Application             : Started Agv01Application in 2.993 seconds (JVM running for 3.322)
2019-05-15 11:05:43.869  INFO 46194 --- [http-nio-8080-exec-1] o.a.c.c.C.[Tomcat].[localhost].[/]       : Initializing Spring DispatcherServlet 'dispatcherServlet'
2019-05-15 11:05:43.870  INFO 46194 --- [http-nio-8080-exec-1] o.s.web.servlet.DispatcherServlet        : Initializing Servlet 'dispatcherServlet'
2019-05-15 11:05:43.876  INFO 46194 --- [http-nio-8080-exec-1] o.s.web.servlet.DispatcherServlet        : Completed initialization in 6 ms
2019-05-15 11:08:13.136  INFO 46194 --- [Thread-3] o.s.s.concurrent.ThreadPoolTaskExecutor  : Shutting down ExecutorService 'applicationTaskExecutor'
2019-05-15 11:09:38.633  INFO 46375 --- [main] group.agv01.Agv01Application             : Starting Agv01Application on shuangjiadeMacBook-Pro.local with PID 46375 (/Users/shuangjiaxu/git/repository/agv01/target/classes started by shuangjiaxu in /Users/shuangjiaxu/git/repository/agv01)
2019-05-15 11:09:38.634  INFO 46375 --- [main] group.agv01.Agv01Application             : No active profile set, falling back to default profiles: default
2019-05-15 11:09:39.816  INFO 46375 --- [main] o.s.b.w.embedded.tomcat.TomcatWebServer  : Tomcat initialized with port(s): 8080 (http)
2019-05-15 11:09:39.839  INFO 46375 --- [main] o.apache.catalina.core.StandardService   : Starting service [Tomcat]
2019-05-15 11:09:39.839  INFO 46375 --- [main] org.apache.catalina.core.StandardEngine  : Starting Servlet engine: [Apache Tomcat/9.0.16]
2019-05-15 11:09:39.848  INFO 46375 --- [main] o.a.catalina.core.AprLifecycleListener   : The APR based Apache Tomcat Native library which allows optimal performance in production environments was not found on the java.library.path: [/Users/shuangjiaxu/Library/Java/Extensions:/Library/Java/Extensions:/Network/Library/Java/Extensions:/System/Library/Java/Extensions:/usr/lib/java:.]
2019-05-15 11:09:39.918  INFO 46375 --- [main] o.a.c.c.C.[Tomcat].[localhost].[/]       : Initializing Spring embedded WebApplicationContext
2019-05-15 11:09:39.919  INFO 46375 --- [main] o.s.web.context.ContextLoader            : Root WebApplicationContext: initialization completed in 1251 ms
2019-05-15 11:09:40.616  INFO 46375 --- [main] o.s.s.concurrent.ThreadPoolTaskExecutor  : Initializing ExecutorService 'applicationTaskExecutor'
2019-05-15 11:09:40.964  INFO 46375 --- [main] o.s.b.w.embedded.tomcat.TomcatWebServer  : Tomcat started on port(s): 8080 (http) with context path ''
2019-05-15 11:09:40.967  INFO 46375 --- [main] group.agv01.Agv01Application             : Started Agv01Application in 2.717 seconds (JVM running for 3.011)
2019-05-15 11:09:47.008  INFO 46375 --- [http-nio-8080-exec-1] o.a.c.c.C.[Tomcat].[localhost].[/]       : Initializing Spring DispatcherServlet 'dispatcherServlet'
2019-05-15 11:09:47.009  INFO 46375 --- [http-nio-8080-exec-1] o.s.web.servlet.DispatcherServlet        : Initializing Servlet 'dispatcherServlet'
2019-05-15 11:09:47.015  INFO 46375 --- [http-nio-8080-exec-1] o.s.web.servlet.DispatcherServlet        : Completed initialization in 6 ms
2019-05-15 11:30:06.586  INFO 46375 --- [Thread-3] o.s.s.concurrent.ThreadPoolTaskExecutor  : Shutting down ExecutorService 'applicationTaskExecutor'
2019-05-15 11:30:13.621  INFO 47280 --- [main] group.agv01.Agv01Application             : Starting Agv01Application on shuangjiadeMacBook-Pro.local with PID 47280 (/Users/shuangjiaxu/git/repository/agv01/target/classes started by shuangjiaxu in /Users/shuangjiaxu/git/repository/agv01)
2019-05-15 11:30:13.623  INFO 47280 --- [main] group.agv01.Agv01Application             : No active profile set, falling back to default profiles: default
2019-05-15 11:30:14.756  INFO 47280 --- [main] o.s.b.w.embedded.tomcat.TomcatWebServer  : Tomcat initialized with port(s): 8080 (http)
2019-05-15 11:30:14.782  INFO 47280 --- [main] o.apache.catalina.core.StandardService   : Starting service [Tomcat]
2019-05-15 11:30:14.782  INFO 47280 --- [main] org.apache.catalina.core.StandardEngine  : Starting Servlet engine: [Apache Tomcat/9.0.16]
2019-05-15 11:30:14.792  INFO 47280 --- [main] o.a.catalina.core.AprLifecycleListener   : The APR based Apache Tomcat Native library which allows optimal performance in production environments was not found on the java.library.path: [/Users/shuangjiaxu/Library/Java/Extensions:/Library/Java/Extensions:/Network/Library/Java/Extensions:/System/Library/Java/Extensions:/usr/lib/java:.]
2019-05-15 11:30:14.881  INFO 47280 --- [main] o.a.c.c.C.[Tomcat].[localhost].[/]       : Initializing Spring embedded WebApplicationContext
2019-05-15 11:30:14.881  INFO 47280 --- [main] o.s.web.context.ContextLoader            : Root WebApplicationContext: initialization completed in 1218 ms
2019-05-15 11:30:15.455  WARN 47280 --- [main] ConfigServletWebServerApplicationContext : Exception encountered during context initialization - cancelling refresh attempt: org.springframework.beans.factory.UnsatisfiedDependencyException: Error creating bean with name 'segmentMessageController': Unsatisfied dependency expressed through field 'scm'; nested exception is org.springframework.beans.factory.NoSuchBeanDefinitionException: No qualifying bean of type 'group.agv01.base.message.conversion.SegmentConversionMap' available: expected at least 1 bean which qualifies as autowire candidate. Dependency annotations: {@org.springframework.beans.factory.annotation.Autowired(required=true)}
2019-05-15 11:30:15.458  INFO 47280 --- [main] o.apache.catalina.core.StandardService   : Stopping service [Tomcat]
2019-05-15 11:30:15.466  INFO 47280 --- [main] ConditionEvaluationReportLoggingListener : 

Error starting ApplicationContext. To display the conditions report re-run your application with 'debug' enabled.
2019-05-15 11:30:15.545 ERROR 47280 --- [main] o.s.b.d.LoggingFailureAnalysisReporter   : 

***************************
APPLICATION FAILED TO START
***************************

Description:

Field scm in group.agv01.controller.resttemplate.SegmentMessageController required a bean of type 'group.agv01.base.message.conversion.SegmentConversionMap' that could not be found.

The injection point has the following annotations:
	- @org.springframework.beans.factory.annotation.Autowired(required=true)


Action:

Consider defining a bean of type 'group.agv01.base.message.conversion.SegmentConversionMap' in your configuration.

2019-05-15 11:30:27.735  INFO 47290 --- [main] group.agv01.Agv01Application             : Starting Agv01Application on shuangjiadeMacBook-Pro.local with PID 47290 (/Users/shuangjiaxu/git/repository/agv01/target/classes started by shuangjiaxu in /Users/shuangjiaxu/git/repository/agv01)
2019-05-15 11:30:27.739  INFO 47290 --- [main] group.agv01.Agv01Application             : No active profile set, falling back to default profiles: default
2019-05-15 11:30:28.945  INFO 47290 --- [main] o.s.b.w.embedded.tomcat.TomcatWebServer  : Tomcat initialized with port(s): 8080 (http)
2019-05-15 11:30:28.983  INFO 47290 --- [main] o.apache.catalina.core.StandardService   : Starting service [Tomcat]
2019-05-15 11:30:28.983  INFO 47290 --- [main] org.apache.catalina.core.StandardEngine  : Starting Servlet engine: [Apache Tomcat/9.0.16]
2019-05-15 11:30:28.991  INFO 47290 --- [main] o.a.catalina.core.AprLifecycleListener   : The APR based Apache Tomcat Native library which allows optimal performance in production environments was not found on the java.library.path: [/Users/shuangjiaxu/Library/Java/Extensions:/Library/Java/Extensions:/Network/Library/Java/Extensions:/System/Library/Java/Extensions:/usr/lib/java:.]
2019-05-15 11:30:29.063  INFO 47290 --- [main] o.a.c.c.C.[Tomcat].[localhost].[/]       : Initializing Spring embedded WebApplicationContext
2019-05-15 11:30:29.063  INFO 47290 --- [main] o.s.web.context.ContextLoader            : Root WebApplicationContext: initialization completed in 1286 ms
2019-05-15 11:30:29.620  WARN 47290 --- [main] ConfigServletWebServerApplicationContext : Exception encountered during context initialization - cancelling refresh attempt: org.springframework.beans.factory.UnsatisfiedDependencyException: Error creating bean with name 'segmentMessageController': Unsatisfied dependency expressed through field 'scm'; nested exception is org.springframework.beans.factory.NoSuchBeanDefinitionException: No qualifying bean of type 'group.agv01.base.message.conversion.SegmentConversionMap' available: expected at least 1 bean which qualifies as autowire candidate. Dependency annotations: {@org.springframework.beans.factory.annotation.Autowired(required=true)}
2019-05-15 11:30:29.623  INFO 47290 --- [main] o.apache.catalina.core.StandardService   : Stopping service [Tomcat]
2019-05-15 11:30:29.631  INFO 47290 --- [main] ConditionEvaluationReportLoggingListener : 

Error starting ApplicationContext. To display the conditions report re-run your application with 'debug' enabled.
2019-05-15 11:30:29.697 ERROR 47290 --- [main] o.s.b.d.LoggingFailureAnalysisReporter   : 

***************************
APPLICATION FAILED TO START
***************************

Description:

Field scm in group.agv01.controller.resttemplate.SegmentMessageController required a bean of type 'group.agv01.base.message.conversion.SegmentConversionMap' that could not be found.

The injection point has the following annotations:
	- @org.springframework.beans.factory.annotation.Autowired(required=true)


Action:

Consider defining a bean of type 'group.agv01.base.message.conversion.SegmentConversionMap' in your configuration.

2019-05-15 11:32:30.714  INFO 47381 --- [main] group.agv01.Agv01Application             : Starting Agv01Application on shuangjiadeMacBook-Pro.local with PID 47381 (/Users/shuangjiaxu/git/repository/agv01/target/classes started by shuangjiaxu in /Users/shuangjiaxu/git/repository/agv01)
2019-05-15 11:32:30.716  INFO 47381 --- [main] group.agv01.Agv01Application             : No active profile set, falling back to default profiles: default
2019-05-15 11:32:31.915  INFO 47381 --- [main] o.s.b.w.embedded.tomcat.TomcatWebServer  : Tomcat initialized with port(s): 8080 (http)
2019-05-15 11:32:31.938  INFO 47381 --- [main] o.apache.catalina.core.StandardService   : Starting service [Tomcat]
2019-05-15 11:32:31.939  INFO 47381 --- [main] org.apache.catalina.core.StandardEngine  : Starting Servlet engine: [Apache Tomcat/9.0.16]
2019-05-15 11:32:31.946  INFO 47381 --- [main] o.a.catalina.core.AprLifecycleListener   : The APR based Apache Tomcat Native library which allows optimal performance in production environments was not found on the java.library.path: [/Users/shuangjiaxu/Library/Java/Extensions:/Library/Java/Extensions:/Network/Library/Java/Extensions:/System/Library/Java/Extensions:/usr/lib/java:.]
2019-05-15 11:32:32.009  INFO 47381 --- [main] o.a.c.c.C.[Tomcat].[localhost].[/]       : Initializing Spring embedded WebApplicationContext
2019-05-15 11:32:32.009  INFO 47381 --- [main] o.s.web.context.ContextLoader            : Root WebApplicationContext: initialization completed in 1260 ms
2019-05-15 11:32:32.752  INFO 47381 --- [main] o.s.s.concurrent.ThreadPoolTaskExecutor  : Initializing ExecutorService 'applicationTaskExecutor'
2019-05-15 11:32:33.120  INFO 47381 --- [main] o.s.b.w.embedded.tomcat.TomcatWebServer  : Tomcat started on port(s): 8080 (http) with context path ''
2019-05-15 11:32:33.123  INFO 47381 --- [main] group.agv01.Agv01Application             : Started Agv01Application in 2.806 seconds (JVM running for 3.097)
2019-05-15 11:33:02.437  INFO 47381 --- [http-nio-8080-exec-1] o.a.c.c.C.[Tomcat].[localhost].[/]       : Initializing Spring DispatcherServlet 'dispatcherServlet'
2019-05-15 11:33:02.437  INFO 47381 --- [http-nio-8080-exec-1] o.s.web.servlet.DispatcherServlet        : Initializing Servlet 'dispatcherServlet'
2019-05-15 11:33:02.444  INFO 47381 --- [http-nio-8080-exec-1] o.s.web.servlet.DispatcherServlet        : Completed initialization in 7 ms
2019-05-15 11:33:02.677  INFO 47381 --- [http-nio-8080-exec-1] com.zaxxer.hikari.HikariDataSource       : HikariPool-1 - Starting...
2019-05-15 11:33:02.827  INFO 47381 --- [http-nio-8080-exec-1] com.zaxxer.hikari.HikariDataSource       : HikariPool-1 - Start completed.
2019-05-15 11:38:09.222  INFO 47381 --- [Thread-3] o.s.s.concurrent.ThreadPoolTaskExecutor  : Shutting down ExecutorService 'applicationTaskExecutor'
2019-05-15 11:38:09.224  INFO 47381 --- [Thread-3] com.zaxxer.hikari.HikariDataSource       : HikariPool-1 - Shutdown initiated...
2019-05-15 11:38:09.229  INFO 47381 --- [Thread-3] com.zaxxer.hikari.HikariDataSource       : HikariPool-1 - Shutdown completed.
2019-05-15 11:38:16.838  INFO 47644 --- [main] group.agv01.Agv01Application             : Starting Agv01Application on shuangjiadeMacBook-Pro.local with PID 47644 (/Users/shuangjiaxu/git/repository/agv01/target/classes started by shuangjiaxu in /Users/shuangjiaxu/git/repository/agv01)
2019-05-15 11:38:16.841  INFO 47644 --- [main] group.agv01.Agv01Application             : No active profile set, falling back to default profiles: default
2019-05-15 11:38:18.238  INFO 47644 --- [main] o.s.b.w.embedded.tomcat.TomcatWebServer  : Tomcat initialized with port(s): 8080 (http)
2019-05-15 11:38:18.261  INFO 47644 --- [main] o.apache.catalina.core.StandardService   : Starting service [Tomcat]
2019-05-15 11:38:18.261  INFO 47644 --- [main] org.apache.catalina.core.StandardEngine  : Starting Servlet engine: [Apache Tomcat/9.0.16]
2019-05-15 11:38:18.269  INFO 47644 --- [main] o.a.catalina.core.AprLifecycleListener   : The APR based Apache Tomcat Native library which allows optimal performance in production environments was not found on the java.library.path: [/Users/shuangjiaxu/Library/Java/Extensions:/Library/Java/Extensions:/Network/Library/Java/Extensions:/System/Library/Java/Extensions:/usr/lib/java:.]
2019-05-15 11:38:18.339  INFO 47644 --- [main] o.a.c.c.C.[Tomcat].[localhost].[/]       : Initializing Spring embedded WebApplicationContext
2019-05-15 11:38:18.340  INFO 47644 --- [main] o.s.web.context.ContextLoader            : Root WebApplicationContext: initialization completed in 1448 ms
2019-05-15 11:38:19.083  INFO 47644 --- [main] o.s.s.concurrent.ThreadPoolTaskExecutor  : Initializing ExecutorService 'applicationTaskExecutor'
2019-05-15 11:38:19.409  INFO 47644 --- [main] o.s.b.w.embedded.tomcat.TomcatWebServer  : Tomcat started on port(s): 8080 (http) with context path ''
2019-05-15 11:38:19.412  INFO 47644 --- [main] group.agv01.Agv01Application             : Started Agv01Application in 3.013 seconds (JVM running for 3.348)
2019-05-15 11:38:51.719  INFO 47644 --- [http-nio-8080-exec-1] o.a.c.c.C.[Tomcat].[localhost].[/]       : Initializing Spring DispatcherServlet 'dispatcherServlet'
2019-05-15 11:38:51.719  INFO 47644 --- [http-nio-8080-exec-1] o.s.web.servlet.DispatcherServlet        : Initializing Servlet 'dispatcherServlet'
2019-05-15 11:38:51.727  INFO 47644 --- [http-nio-8080-exec-1] o.s.web.servlet.DispatcherServlet        : Completed initialization in 8 ms
2019-05-15 11:38:52.033  INFO 47644 --- [http-nio-8080-exec-1] com.zaxxer.hikari.HikariDataSource       : HikariPool-1 - Starting...
2019-05-15 11:38:52.167  INFO 47644 --- [http-nio-8080-exec-1] com.zaxxer.hikari.HikariDataSource       : HikariPool-1 - Start completed.
2019-05-15 11:42:53.867  INFO 47644 --- [Thread-3] o.s.s.concurrent.ThreadPoolTaskExecutor  : Shutting down ExecutorService 'applicationTaskExecutor'
2019-05-15 11:42:53.869  INFO 47644 --- [Thread-3] com.zaxxer.hikari.HikariDataSource       : HikariPool-1 - Shutdown initiated...
2019-05-15 11:42:53.876  INFO 47644 --- [Thread-3] com.zaxxer.hikari.HikariDataSource       : HikariPool-1 - Shutdown completed.
2019-05-15 11:43:01.916  INFO 47852 --- [main] group.agv01.Agv01Application             : Starting Agv01Application on shuangjiadeMacBook-Pro.local with PID 47852 (/Users/shuangjiaxu/git/repository/agv01/target/classes started by shuangjiaxu in /Users/shuangjiaxu/git/repository/agv01)
2019-05-15 11:43:01.918  INFO 47852 --- [main] group.agv01.Agv01Application             : No active profile set, falling back to default profiles: default
2019-05-15 11:43:03.178  INFO 47852 --- [main] o.s.b.w.embedded.tomcat.TomcatWebServer  : Tomcat initialized with port(s): 8080 (http)
2019-05-15 11:43:03.202  INFO 47852 --- [main] o.apache.catalina.core.StandardService   : Starting service [Tomcat]
2019-05-15 11:43:03.202  INFO 47852 --- [main] org.apache.catalina.core.StandardEngine  : Starting Servlet engine: [Apache Tomcat/9.0.16]
2019-05-15 11:43:03.210  INFO 47852 --- [main] o.a.catalina.core.AprLifecycleListener   : The APR based Apache Tomcat Native library which allows optimal performance in production environments was not found on the java.library.path: [/Users/shuangjiaxu/Library/Java/Extensions:/Library/Java/Extensions:/Network/Library/Java/Extensions:/System/Library/Java/Extensions:/usr/lib/java:.]
2019-05-15 11:43:03.283  INFO 47852 --- [main] o.a.c.c.C.[Tomcat].[localhost].[/]       : Initializing Spring embedded WebApplicationContext
2019-05-15 11:43:03.283  INFO 47852 --- [main] o.s.web.context.ContextLoader            : Root WebApplicationContext: initialization completed in 1327 ms
2019-05-15 11:43:04.045  INFO 47852 --- [main] o.s.s.concurrent.ThreadPoolTaskExecutor  : Initializing ExecutorService 'applicationTaskExecutor'
2019-05-15 11:43:04.405  INFO 47852 --- [main] o.s.b.w.embedded.tomcat.TomcatWebServer  : Tomcat started on port(s): 8080 (http) with context path ''
2019-05-15 11:43:04.408  INFO 47852 --- [main] group.agv01.Agv01Application             : Started Agv01Application in 2.905 seconds (JVM running for 3.204)
2019-05-15 11:43:09.178  INFO 47852 --- [http-nio-8080-exec-1] o.a.c.c.C.[Tomcat].[localhost].[/]       : Initializing Spring DispatcherServlet 'dispatcherServlet'
2019-05-15 11:43:09.178  INFO 47852 --- [http-nio-8080-exec-1] o.s.web.servlet.DispatcherServlet        : Initializing Servlet 'dispatcherServlet'
2019-05-15 11:43:09.186  INFO 47852 --- [http-nio-8080-exec-1] o.s.web.servlet.DispatcherServlet        : Completed initialization in 8 ms
2019-05-15 11:43:09.440  INFO 47852 --- [http-nio-8080-exec-1] com.zaxxer.hikari.HikariDataSource       : HikariPool-1 - Starting...
2019-05-15 11:43:09.584  INFO 47852 --- [http-nio-8080-exec-1] com.zaxxer.hikari.HikariDataSource       : HikariPool-1 - Start completed.
2019-05-15 12:32:40.450  WARN 47852 --- [HikariPool-1 housekeeper] com.zaxxer.hikari.pool.HikariPool        : HikariPool-1 - Thread starvation or clock leap detected (housekeeper delta=30m46s636ms).
2019-05-15 13:05:36.567  WARN 47852 --- [HikariPool-1 housekeeper] com.zaxxer.hikari.pool.HikariPool        : HikariPool-1 - Thread starvation or clock leap detected (housekeeper delta=32m56s118ms).
2019-05-15 13:11:50.750  WARN 47852 --- [HikariPool-1 housekeeper] com.zaxxer.hikari.pool.HikariPool        : HikariPool-1 - Thread starvation or clock leap detected (housekeeper delta=5m44s160ms).
2019-05-15 13:38:12.841  INFO 47852 --- [Thread-3] o.s.s.concurrent.ThreadPoolTaskExecutor  : Shutting down ExecutorService 'applicationTaskExecutor'
2019-05-15 13:38:12.843  INFO 47852 --- [Thread-3] com.zaxxer.hikari.HikariDataSource       : HikariPool-1 - Shutdown initiated...
2019-05-15 13:38:12.849  INFO 47852 --- [Thread-3] com.zaxxer.hikari.HikariDataSource       : HikariPool-1 - Shutdown completed.
2019-05-15 13:38:16.817  INFO 50310 --- [main] group.agv01.Agv01Application             : Starting Agv01Application on shuangjiadeMacBook-Pro.local with PID 50310 (/Users/shuangjiaxu/git/repository/agv01/target/classes started by shuangjiaxu in /Users/shuangjiaxu/git/repository/agv01)
2019-05-15 13:38:16.819  INFO 50310 --- [main] group.agv01.Agv01Application             : No active profile set, falling back to default profiles: default
2019-05-15 13:38:17.993  INFO 50310 --- [main] o.s.b.w.embedded.tomcat.TomcatWebServer  : Tomcat initialized with port(s): 8080 (http)
2019-05-15 13:38:18.022  INFO 50310 --- [main] o.apache.catalina.core.StandardService   : Starting service [Tomcat]
2019-05-15 13:38:18.022  INFO 50310 --- [main] org.apache.catalina.core.StandardEngine  : Starting Servlet engine: [Apache Tomcat/9.0.16]
2019-05-15 13:38:18.033  INFO 50310 --- [main] o.a.catalina.core.AprLifecycleListener   : The APR based Apache Tomcat Native library which allows optimal performance in production environments was not found on the java.library.path: [/Users/shuangjiaxu/Library/Java/Extensions:/Library/Java/Extensions:/Network/Library/Java/Extensions:/System/Library/Java/Extensions:/usr/lib/java:.]
2019-05-15 13:38:18.122  INFO 50310 --- [main] o.a.c.c.C.[Tomcat].[localhost].[/]       : Initializing Spring embedded WebApplicationContext
2019-05-15 13:38:18.122  INFO 50310 --- [main] o.s.web.context.ContextLoader            : Root WebApplicationContext: initialization completed in 1271 ms
2019-05-15 13:38:18.875  INFO 50310 --- [main] o.s.s.concurrent.ThreadPoolTaskExecutor  : Initializing ExecutorService 'applicationTaskExecutor'
2019-05-15 13:38:19.229  INFO 50310 --- [main] o.s.b.w.embedded.tomcat.TomcatWebServer  : Tomcat started on port(s): 8080 (http) with context path ''
2019-05-15 13:38:19.232  INFO 50310 --- [main] group.agv01.Agv01Application             : Started Agv01Application in 2.658 seconds (JVM running for 2.934)
2019-05-15 13:38:23.443  INFO 50310 --- [http-nio-8080-exec-1] o.a.c.c.C.[Tomcat].[localhost].[/]       : Initializing Spring DispatcherServlet 'dispatcherServlet'
2019-05-15 13:38:23.443  INFO 50310 --- [http-nio-8080-exec-1] o.s.web.servlet.DispatcherServlet        : Initializing Servlet 'dispatcherServlet'
2019-05-15 13:38:23.451  INFO 50310 --- [http-nio-8080-exec-1] o.s.web.servlet.DispatcherServlet        : Completed initialization in 8 ms
2019-05-15 13:38:49.545  INFO 50310 --- [Thread-3] o.s.s.concurrent.ThreadPoolTaskExecutor  : Shutting down ExecutorService 'applicationTaskExecutor'
2019-05-15 13:38:53.251  INFO 50338 --- [main] group.agv01.Agv01Application             : Starting Agv01Application on shuangjiadeMacBook-Pro.local with PID 50338 (/Users/shuangjiaxu/git/repository/agv01/target/classes started by shuangjiaxu in /Users/shuangjiaxu/git/repository/agv01)
2019-05-15 13:38:53.264  INFO 50338 --- [main] group.agv01.Agv01Application             : No active profile set, falling back to default profiles: default
2019-05-15 13:38:54.602  INFO 50338 --- [main] o.s.b.w.embedded.tomcat.TomcatWebServer  : Tomcat initialized with port(s): 8080 (http)
2019-05-15 13:38:54.640  INFO 50338 --- [main] o.apache.catalina.core.StandardService   : Starting service [Tomcat]
2019-05-15 13:38:54.640  INFO 50338 --- [main] org.apache.catalina.core.StandardEngine  : Starting Servlet engine: [Apache Tomcat/9.0.16]
2019-05-15 13:38:54.648  INFO 50338 --- [main] o.a.catalina.core.AprLifecycleListener   : The APR based Apache Tomcat Native library which allows optimal performance in production environments was not found on the java.library.path: [/Users/shuangjiaxu/Library/Java/Extensions:/Library/Java/Extensions:/Network/Library/Java/Extensions:/System/Library/Java/Extensions:/usr/lib/java:.]
2019-05-15 13:38:54.718  INFO 50338 --- [main] o.a.c.c.C.[Tomcat].[localhost].[/]       : Initializing Spring embedded WebApplicationContext
2019-05-15 13:38:54.718  INFO 50338 --- [main] o.s.web.context.ContextLoader            : Root WebApplicationContext: initialization completed in 1406 ms
2019-05-15 13:38:55.468  INFO 50338 --- [main] o.s.s.concurrent.ThreadPoolTaskExecutor  : Initializing ExecutorService 'applicationTaskExecutor'
2019-05-15 13:38:55.820  INFO 50338 --- [main] o.s.b.w.embedded.tomcat.TomcatWebServer  : Tomcat started on port(s): 8080 (http) with context path ''
2019-05-15 13:38:55.823  INFO 50338 --- [main] group.agv01.Agv01Application             : Started Agv01Application in 2.805 seconds (JVM running for 3.096)
2019-05-15 13:39:32.070  INFO 50338 --- [http-nio-8080-exec-1] o.a.c.c.C.[Tomcat].[localhost].[/]       : Initializing Spring DispatcherServlet 'dispatcherServlet'
2019-05-15 13:39:32.070  INFO 50338 --- [http-nio-8080-exec-1] o.s.web.servlet.DispatcherServlet        : Initializing Servlet 'dispatcherServlet'
2019-05-15 13:39:32.078  INFO 50338 --- [http-nio-8080-exec-1] o.s.web.servlet.DispatcherServlet        : Completed initialization in 8 ms
2019-05-15 13:39:32.532  INFO 50338 --- [http-nio-8080-exec-1] com.zaxxer.hikari.HikariDataSource       : HikariPool-1 - Starting...
2019-05-15 13:39:32.669  INFO 50338 --- [http-nio-8080-exec-1] com.zaxxer.hikari.HikariDataSource       : HikariPool-1 - Start completed.
2019-05-15 13:49:21.622  WARN 50338 --- [HikariPool-1 housekeeper] com.zaxxer.hikari.pool.HikariPool        : HikariPool-1 - Thread starvation or clock leap detected (housekeeper delta=4m42s389ms).
2019-05-15 14:21:21.704  INFO 50338 --- [Thread-3] o.s.s.concurrent.ThreadPoolTaskExecutor  : Shutting down ExecutorService 'applicationTaskExecutor'
2019-05-15 14:21:21.706  INFO 50338 --- [Thread-3] com.zaxxer.hikari.HikariDataSource       : HikariPool-1 - Shutdown initiated...
2019-05-15 14:21:21.712  INFO 50338 --- [Thread-3] com.zaxxer.hikari.HikariDataSource       : HikariPool-1 - Shutdown completed.
2019-05-15 14:21:35.728  INFO 52042 --- [main] group.agv01.Agv01Application             : Starting Agv01Application on shuangjiadeMacBook-Pro.local with PID 52042 (/Users/shuangjiaxu/git/repository/agv01/target/classes started by shuangjiaxu in /Users/shuangjiaxu/git/repository/agv01)
2019-05-15 14:21:35.730  INFO 52042 --- [main] group.agv01.Agv01Application             : No active profile set, falling back to default profiles: default
2019-05-15 14:21:36.896  INFO 52042 --- [main] o.s.b.w.embedded.tomcat.TomcatWebServer  : Tomcat initialized with port(s): 8080 (http)
2019-05-15 14:21:36.919  INFO 52042 --- [main] o.apache.catalina.core.StandardService   : Starting service [Tomcat]
2019-05-15 14:21:36.919  INFO 52042 --- [main] org.apache.catalina.core.StandardEngine  : Starting Servlet engine: [Apache Tomcat/9.0.16]
2019-05-15 14:21:36.928  INFO 52042 --- [main] o.a.catalina.core.AprLifecycleListener   : The APR based Apache Tomcat Native library which allows optimal performance in production environments was not found on the java.library.path: [/Users/shuangjiaxu/Library/Java/Extensions:/Library/Java/Extensions:/Network/Library/Java/Extensions:/System/Library/Java/Extensions:/usr/lib/java:.]
2019-05-15 14:21:37.000  INFO 52042 --- [main] o.a.c.c.C.[Tomcat].[localhost].[/]       : Initializing Spring embedded WebApplicationContext
2019-05-15 14:21:37.000  INFO 52042 --- [main] o.s.web.context.ContextLoader            : Root WebApplicationContext: initialization completed in 1242 ms
2019-05-15 14:21:37.734  INFO 52042 --- [main] o.s.s.concurrent.ThreadPoolTaskExecutor  : Initializing ExecutorService 'applicationTaskExecutor'
2019-05-15 14:21:38.055  INFO 52042 --- [main] o.s.b.w.embedded.tomcat.TomcatWebServer  : Tomcat started on port(s): 8080 (http) with context path ''
2019-05-15 14:21:38.058  INFO 52042 --- [main] group.agv01.Agv01Application             : Started Agv01Application in 2.704 seconds (JVM running for 2.999)
2019-05-15 14:22:28.276  INFO 52042 --- [http-nio-8080-exec-1] o.a.c.c.C.[Tomcat].[localhost].[/]       : Initializing Spring DispatcherServlet 'dispatcherServlet'
2019-05-15 14:22:28.277  INFO 52042 --- [http-nio-8080-exec-1] o.s.web.servlet.DispatcherServlet        : Initializing Servlet 'dispatcherServlet'
2019-05-15 14:22:28.284  INFO 52042 --- [http-nio-8080-exec-1] o.s.web.servlet.DispatcherServlet        : Completed initialization in 7 ms
2019-05-15 14:22:28.519  INFO 52042 --- [http-nio-8080-exec-1] com.zaxxer.hikari.HikariDataSource       : HikariPool-1 - Starting...
2019-05-15 14:22:28.658  INFO 52042 --- [http-nio-8080-exec-1] com.zaxxer.hikari.HikariDataSource       : HikariPool-1 - Start completed.
2019-05-15 14:25:25.334  INFO 52042 --- [Thread-3] o.s.s.concurrent.ThreadPoolTaskExecutor  : Shutting down ExecutorService 'applicationTaskExecutor'
2019-05-15 14:25:25.336  INFO 52042 --- [Thread-3] com.zaxxer.hikari.HikariDataSource       : HikariPool-1 - Shutdown initiated...
2019-05-15 14:25:25.342  INFO 52042 --- [Thread-3] com.zaxxer.hikari.HikariDataSource       : HikariPool-1 - Shutdown completed.
2019-05-15 14:25:29.585  INFO 52220 --- [main] group.agv01.Agv01Application             : Starting Agv01Application on shuangjiadeMacBook-Pro.local with PID 52220 (/Users/shuangjiaxu/git/repository/agv01/target/classes started by shuangjiaxu in /Users/shuangjiaxu/git/repository/agv01)
2019-05-15 14:25:29.594  INFO 52220 --- [main] group.agv01.Agv01Application             : No active profile set, falling back to default profiles: default
2019-05-15 14:25:30.792  INFO 52220 --- [main] o.s.b.w.embedded.tomcat.TomcatWebServer  : Tomcat initialized with port(s): 8080 (http)
2019-05-15 14:25:30.835  INFO 52220 --- [main] o.apache.catalina.core.StandardService   : Starting service [Tomcat]
2019-05-15 14:25:30.835  INFO 52220 --- [main] org.apache.catalina.core.StandardEngine  : Starting Servlet engine: [Apache Tomcat/9.0.16]
2019-05-15 14:25:30.846  INFO 52220 --- [main] o.a.catalina.core.AprLifecycleListener   : The APR based Apache Tomcat Native library which allows optimal performance in production environments was not found on the java.library.path: [/Users/shuangjiaxu/Library/Java/Extensions:/Library/Java/Extensions:/Network/Library/Java/Extensions:/System/Library/Java/Extensions:/usr/lib/java:.]
2019-05-15 14:25:30.931  INFO 52220 --- [main] o.a.c.c.C.[Tomcat].[localhost].[/]       : Initializing Spring embedded WebApplicationContext
2019-05-15 14:25:30.932  INFO 52220 --- [main] o.s.web.context.ContextLoader            : Root WebApplicationContext: initialization completed in 1296 ms
2019-05-15 14:25:31.636  INFO 52220 --- [main] o.s.s.concurrent.ThreadPoolTaskExecutor  : Initializing ExecutorService 'applicationTaskExecutor'
2019-05-15 14:25:31.979  INFO 52220 --- [main] o.s.b.w.embedded.tomcat.TomcatWebServer  : Tomcat started on port(s): 8080 (http) with context path ''
2019-05-15 14:25:31.982  INFO 52220 --- [main] group.agv01.Agv01Application             : Started Agv01Application in 2.631 seconds (JVM running for 2.925)
2019-05-15 14:25:42.668  INFO 52220 --- [http-nio-8080-exec-1] o.a.c.c.C.[Tomcat].[localhost].[/]       : Initializing Spring DispatcherServlet 'dispatcherServlet'
2019-05-15 14:25:42.668  INFO 52220 --- [http-nio-8080-exec-1] o.s.web.servlet.DispatcherServlet        : Initializing Servlet 'dispatcherServlet'
2019-05-15 14:25:42.676  INFO 52220 --- [http-nio-8080-exec-1] o.s.web.servlet.DispatcherServlet        : Completed initialization in 8 ms
2019-05-15 14:25:42.949  INFO 52220 --- [http-nio-8080-exec-1] com.zaxxer.hikari.HikariDataSource       : HikariPool-1 - Starting...
2019-05-15 14:25:43.099  INFO 52220 --- [http-nio-8080-exec-1] com.zaxxer.hikari.HikariDataSource       : HikariPool-1 - Start completed.
2019-05-15 14:30:56.083  INFO 52220 --- [Thread-3] o.s.s.concurrent.ThreadPoolTaskExecutor  : Shutting down ExecutorService 'applicationTaskExecutor'
2019-05-15 14:30:56.084  INFO 52220 --- [Thread-3] com.zaxxer.hikari.HikariDataSource       : HikariPool-1 - Shutdown initiated...
2019-05-15 14:30:56.092  INFO 52220 --- [Thread-3] com.zaxxer.hikari.HikariDataSource       : HikariPool-1 - Shutdown completed.
2019-05-15 14:30:59.917  INFO 52466 --- [main] group.agv01.Agv01Application             : Starting Agv01Application on shuangjiadeMacBook-Pro.local with PID 52466 (/Users/shuangjiaxu/git/repository/agv01/target/classes started by shuangjiaxu in /Users/shuangjiaxu/git/repository/agv01)
2019-05-15 14:30:59.920  INFO 52466 --- [main] group.agv01.Agv01Application             : No active profile set, falling back to default profiles: default
2019-05-15 14:31:01.154  INFO 52466 --- [main] o.s.b.w.embedded.tomcat.TomcatWebServer  : Tomcat initialized with port(s): 8080 (http)
2019-05-15 14:31:01.177  INFO 52466 --- [main] o.apache.catalina.core.StandardService   : Starting service [Tomcat]
2019-05-15 14:31:01.177  INFO 52466 --- [main] org.apache.catalina.core.StandardEngine  : Starting Servlet engine: [Apache Tomcat/9.0.16]
2019-05-15 14:31:01.185  INFO 52466 --- [main] o.a.catalina.core.AprLifecycleListener   : The APR based Apache Tomcat Native library which allows optimal performance in production environments was not found on the java.library.path: [/Users/shuangjiaxu/Library/Java/Extensions:/Library/Java/Extensions:/Network/Library/Java/Extensions:/System/Library/Java/Extensions:/usr/lib/java:.]
2019-05-15 14:31:01.255  INFO 52466 --- [main] o.a.c.c.C.[Tomcat].[localhost].[/]       : Initializing Spring embedded WebApplicationContext
2019-05-15 14:31:01.255  INFO 52466 --- [main] o.s.web.context.ContextLoader            : Root WebApplicationContext: initialization completed in 1294 ms
2019-05-15 14:31:01.986  INFO 52466 --- [main] o.s.s.concurrent.ThreadPoolTaskExecutor  : Initializing ExecutorService 'applicationTaskExecutor'
2019-05-15 14:31:02.349  INFO 52466 --- [main] o.s.b.w.embedded.tomcat.TomcatWebServer  : Tomcat started on port(s): 8080 (http) with context path ''
2019-05-15 14:31:02.353  INFO 52466 --- [main] group.agv01.Agv01Application             : Started Agv01Application in 2.68 seconds (JVM running for 2.959)
2019-05-15 14:31:14.369  INFO 52466 --- [http-nio-8080-exec-1] o.a.c.c.C.[Tomcat].[localhost].[/]       : Initializing Spring DispatcherServlet 'dispatcherServlet'
2019-05-15 14:31:14.369  INFO 52466 --- [http-nio-8080-exec-1] o.s.web.servlet.DispatcherServlet        : Initializing Servlet 'dispatcherServlet'
2019-05-15 14:31:14.377  INFO 52466 --- [http-nio-8080-exec-1] o.s.web.servlet.DispatcherServlet        : Completed initialization in 8 ms
2019-05-15 14:31:14.648  INFO 52466 --- [http-nio-8080-exec-1] com.zaxxer.hikari.HikariDataSource       : HikariPool-1 - Starting...
2019-05-15 14:31:14.780  INFO 52466 --- [http-nio-8080-exec-1] com.zaxxer.hikari.HikariDataSource       : HikariPool-1 - Start completed.
2019-05-15 15:12:17.833  WARN 52466 --- [HikariPool-1 housekeeper] com.zaxxer.hikari.pool.HikariPool        : HikariPool-1 - Thread starvation or clock leap detected (housekeeper delta=31m2s879ms).
2019-05-15 15:18:35.177  INFO 52466 --- [Thread-3] o.s.s.concurrent.ThreadPoolTaskExecutor  : Shutting down ExecutorService 'applicationTaskExecutor'
2019-05-15 15:18:35.179  INFO 52466 --- [Thread-3] com.zaxxer.hikari.HikariDataSource       : HikariPool-1 - Shutdown initiated...
2019-05-15 15:18:35.185  INFO 52466 --- [Thread-3] com.zaxxer.hikari.HikariDataSource       : HikariPool-1 - Shutdown completed.
2019-05-15 15:18:39.998  INFO 53249 --- [main] group.agv01.Agv01Application             : Starting Agv01Application on shuangjiadeMacBook-Pro.local with PID 53249 (/Users/shuangjiaxu/git/repository/agv01/target/classes started by shuangjiaxu in /Users/shuangjiaxu/git/repository/agv01)
2019-05-15 15:18:40.001  INFO 53249 --- [main] group.agv01.Agv01Application             : No active profile set, falling back to default profiles: default
2019-05-15 15:18:41.235  INFO 53249 --- [main] o.s.b.w.embedded.tomcat.TomcatWebServer  : Tomcat initialized with port(s): 8080 (http)
2019-05-15 15:18:41.258  INFO 53249 --- [main] o.apache.catalina.core.StandardService   : Starting service [Tomcat]
2019-05-15 15:18:41.258  INFO 53249 --- [main] org.apache.catalina.core.StandardEngine  : Starting Servlet engine: [Apache Tomcat/9.0.16]
2019-05-15 15:18:41.267  INFO 53249 --- [main] o.a.catalina.core.AprLifecycleListener   : The APR based Apache Tomcat Native library which allows optimal performance in production environments was not found on the java.library.path: [/Users/shuangjiaxu/Library/Java/Extensions:/Library/Java/Extensions:/Network/Library/Java/Extensions:/System/Library/Java/Extensions:/usr/lib/java:.]
2019-05-15 15:18:41.339  INFO 53249 --- [main] o.a.c.c.C.[Tomcat].[localhost].[/]       : Initializing Spring embedded WebApplicationContext
2019-05-15 15:18:41.339  INFO 53249 --- [main] o.s.web.context.ContextLoader            : Root WebApplicationContext: initialization completed in 1298 ms
2019-05-15 15:18:42.064  INFO 53249 --- [main] o.s.s.concurrent.ThreadPoolTaskExecutor  : Initializing ExecutorService 'applicationTaskExecutor'
2019-05-15 15:18:42.402  INFO 53249 --- [main] o.s.b.w.embedded.tomcat.TomcatWebServer  : Tomcat started on port(s): 8080 (http) with context path ''
2019-05-15 15:18:42.405  INFO 53249 --- [main] group.agv01.Agv01Application             : Started Agv01Application in 2.654 seconds (JVM running for 2.943)
2019-05-15 15:18:46.461  INFO 53249 --- [http-nio-8080-exec-1] o.a.c.c.C.[Tomcat].[localhost].[/]       : Initializing Spring DispatcherServlet 'dispatcherServlet'
2019-05-15 15:18:46.462  INFO 53249 --- [http-nio-8080-exec-1] o.s.web.servlet.DispatcherServlet        : Initializing Servlet 'dispatcherServlet'
2019-05-15 15:18:46.470  INFO 53249 --- [http-nio-8080-exec-1] o.s.web.servlet.DispatcherServlet        : Completed initialization in 8 ms
2019-05-15 15:18:46.742  INFO 53249 --- [http-nio-8080-exec-1] com.zaxxer.hikari.HikariDataSource       : HikariPool-1 - Starting...
2019-05-15 15:18:46.877  INFO 53249 --- [http-nio-8080-exec-1] com.zaxxer.hikari.HikariDataSource       : HikariPool-1 - Start completed.
2019-05-15 15:22:14.021  INFO 53249 --- [Thread-3] o.s.s.concurrent.ThreadPoolTaskExecutor  : Shutting down ExecutorService 'applicationTaskExecutor'
2019-05-15 15:22:14.024  INFO 53249 --- [Thread-3] com.zaxxer.hikari.HikariDataSource       : HikariPool-1 - Shutdown initiated...
2019-05-15 15:22:14.030  INFO 53249 --- [Thread-3] com.zaxxer.hikari.HikariDataSource       : HikariPool-1 - Shutdown completed.
2019-05-15 15:22:55.016  INFO 53433 --- [main] group.agv01.Agv01Application             : Starting Agv01Application on shuangjiadeMacBook-Pro.local with PID 53433 (/Users/shuangjiaxu/git/repository/agv01/target/classes started by shuangjiaxu in /Users/shuangjiaxu/git/repository/agv01)
2019-05-15 15:22:55.026  INFO 53433 --- [main] group.agv01.Agv01Application             : No active profile set, falling back to default profiles: default
2019-05-15 15:22:56.260  INFO 53433 --- [main] o.s.b.w.embedded.tomcat.TomcatWebServer  : Tomcat initialized with port(s): 8080 (http)
2019-05-15 15:22:56.297  INFO 53433 --- [main] o.apache.catalina.core.StandardService   : Starting service [Tomcat]
2019-05-15 15:22:56.298  INFO 53433 --- [main] org.apache.catalina.core.StandardEngine  : Starting Servlet engine: [Apache Tomcat/9.0.16]
2019-05-15 15:22:56.306  INFO 53433 --- [main] o.a.catalina.core.AprLifecycleListener   : The APR based Apache Tomcat Native library which allows optimal performance in production environments was not found on the java.library.path: [/Users/shuangjiaxu/Library/Java/Extensions:/Library/Java/Extensions:/Network/Library/Java/Extensions:/System/Library/Java/Extensions:/usr/lib/java:.]
2019-05-15 15:22:56.388  INFO 53433 --- [main] o.a.c.c.C.[Tomcat].[localhost].[/]       : Initializing Spring embedded WebApplicationContext
2019-05-15 15:22:56.388  INFO 53433 --- [main] o.s.web.context.ContextLoader            : Root WebApplicationContext: initialization completed in 1321 ms
2019-05-15 15:22:57.188  INFO 53433 --- [main] o.s.s.concurrent.ThreadPoolTaskExecutor  : Initializing ExecutorService 'applicationTaskExecutor'
2019-05-15 15:22:57.545  INFO 53433 --- [main] o.s.b.w.embedded.tomcat.TomcatWebServer  : Tomcat started on port(s): 8080 (http) with context path ''
2019-05-15 15:22:57.558  INFO 53433 --- [main] group.agv01.Agv01Application             : Started Agv01Application in 2.782 seconds (JVM running for 3.07)
2019-05-15 15:23:04.290  INFO 53433 --- [http-nio-8080-exec-1] o.a.c.c.C.[Tomcat].[localhost].[/]       : Initializing Spring DispatcherServlet 'dispatcherServlet'
2019-05-15 15:23:04.290  INFO 53433 --- [http-nio-8080-exec-1] o.s.web.servlet.DispatcherServlet        : Initializing Servlet 'dispatcherServlet'
2019-05-15 15:23:04.297  INFO 53433 --- [http-nio-8080-exec-1] o.s.web.servlet.DispatcherServlet        : Completed initialization in 7 ms
2019-05-15 15:23:04.546  INFO 53433 --- [http-nio-8080-exec-1] com.zaxxer.hikari.HikariDataSource       : HikariPool-1 - Starting...
2019-05-15 15:23:04.694  INFO 53433 --- [http-nio-8080-exec-1] com.zaxxer.hikari.HikariDataSource       : HikariPool-1 - Start completed.
2019-05-15 15:23:54.114  INFO 53433 --- [Thread-3] o.s.s.concurrent.ThreadPoolTaskExecutor  : Shutting down ExecutorService 'applicationTaskExecutor'
2019-05-15 15:23:54.116  INFO 53433 --- [Thread-3] com.zaxxer.hikari.HikariDataSource       : HikariPool-1 - Shutdown initiated...
2019-05-15 15:23:54.124  INFO 53433 --- [Thread-3] com.zaxxer.hikari.HikariDataSource       : HikariPool-1 - Shutdown completed.
2019-05-15 15:23:57.965  INFO 53479 --- [main] group.agv01.Agv01Application             : Starting Agv01Application on shuangjiadeMacBook-Pro.local with PID 53479 (/Users/shuangjiaxu/git/repository/agv01/target/classes started by shuangjiaxu in /Users/shuangjiaxu/git/repository/agv01)
2019-05-15 15:23:57.975  INFO 53479 --- [main] group.agv01.Agv01Application             : No active profile set, falling back to default profiles: default
2019-05-15 15:23:59.219  INFO 53479 --- [main] o.s.b.w.embedded.tomcat.TomcatWebServer  : Tomcat initialized with port(s): 8080 (http)
2019-05-15 15:23:59.241  INFO 53479 --- [main] o.apache.catalina.core.StandardService   : Starting service [Tomcat]
2019-05-15 15:23:59.242  INFO 53479 --- [main] org.apache.catalina.core.StandardEngine  : Starting Servlet engine: [Apache Tomcat/9.0.16]
2019-05-15 15:23:59.250  INFO 53479 --- [main] o.a.catalina.core.AprLifecycleListener   : The APR based Apache Tomcat Native library which allows optimal performance in production environments was not found on the java.library.path: [/Users/shuangjiaxu/Library/Java/Extensions:/Library/Java/Extensions:/Network/Library/Java/Extensions:/System/Library/Java/Extensions:/usr/lib/java:.]
2019-05-15 15:23:59.321  INFO 53479 --- [main] o.a.c.c.C.[Tomcat].[localhost].[/]       : Initializing Spring embedded WebApplicationContext
2019-05-15 15:23:59.321  INFO 53479 --- [main] o.s.web.context.ContextLoader            : Root WebApplicationContext: initialization completed in 1304 ms
2019-05-15 15:24:00.080  INFO 53479 --- [main] o.s.s.concurrent.ThreadPoolTaskExecutor  : Initializing ExecutorService 'applicationTaskExecutor'
2019-05-15 15:24:00.429  INFO 53479 --- [main] o.s.b.w.embedded.tomcat.TomcatWebServer  : Tomcat started on port(s): 8080 (http) with context path ''
2019-05-15 15:24:00.432  INFO 53479 --- [main] group.agv01.Agv01Application             : Started Agv01Application in 2.703 seconds (JVM running for 3.014)
2019-05-15 15:24:06.315  INFO 53479 --- [http-nio-8080-exec-1] o.a.c.c.C.[Tomcat].[localhost].[/]       : Initializing Spring DispatcherServlet 'dispatcherServlet'
2019-05-15 15:24:06.315  INFO 53479 --- [http-nio-8080-exec-1] o.s.web.servlet.DispatcherServlet        : Initializing Servlet 'dispatcherServlet'
2019-05-15 15:24:06.322  INFO 53479 --- [http-nio-8080-exec-1] o.s.web.servlet.DispatcherServlet        : Completed initialization in 7 ms
2019-05-15 15:24:06.545  INFO 53479 --- [http-nio-8080-exec-1] com.zaxxer.hikari.HikariDataSource       : HikariPool-1 - Starting...
2019-05-15 15:24:06.677  INFO 53479 --- [http-nio-8080-exec-1] com.zaxxer.hikari.HikariDataSource       : HikariPool-1 - Start completed.
2019-05-15 15:40:56.971  INFO 53479 --- [Thread-3] o.s.s.concurrent.ThreadPoolTaskExecutor  : Shutting down ExecutorService 'applicationTaskExecutor'
2019-05-15 15:40:56.974  INFO 53479 --- [Thread-3] com.zaxxer.hikari.HikariDataSource       : HikariPool-1 - Shutdown initiated...
2019-05-15 15:40:56.983  INFO 53479 --- [Thread-3] com.zaxxer.hikari.HikariDataSource       : HikariPool-1 - Shutdown completed.
